{"C:\\Users\\david\\to-do-list\\src\\modules\\activities.js": {"path":"C:\\Users\\david\\to-do-list\\src\\modules\\activities.js","statementMap":{"0":{"start":{"line":5,"column":19},"end":{"line":5,"column":21}},"1":{"start":{"line":6,"column":16},"end":{"line":6,"column":88}},"2":{"start":{"line":6,"column":53},"end":{"line":6,"column":87}},"3":{"start":{"line":11,"column":4},"end":{"line":11,"column":40}},"4":{"start":{"line":12,"column":4},"end":{"line":12,"column":28}},"5":{"start":{"line":13,"column":4},"end":{"line":13,"column":34}},"6":{"start":{"line":15,"column":4},"end":{"line":17,"column":5}},"7":{"start":{"line":16,"column":6},"end":{"line":16,"column":57}},"8":{"start":{"line":19,"column":4},"end":{"line":21,"column":5}},"9":{"start":{"line":20,"column":6},"end":{"line":20,"column":52}},"10":{"start":{"line":25,"column":4},"end":{"line":25,"column":38}},"11":{"start":{"line":29,"column":15},"end":{"line":29,"column":24}},"12":{"start":{"line":30,"column":19},"end":{"line":30,"column":59}},"13":{"start":{"line":31,"column":4},"end":{"line":31,"column":29}},"14":{"start":{"line":32,"column":17},"end":{"line":32,"column":45}},"15":{"start":{"line":33,"column":4},"end":{"line":33,"column":37}},"16":{"start":{"line":37,"column":4},"end":{"line":37,"column":74}},"17":{"start":{"line":37,"column":31},"end":{"line":37,"column":74}},"18":{"start":{"line":41,"column":4},"end":{"line":41,"column":37}},"19":{"start":{"line":42,"column":4},"end":{"line":42,"column":22}},"20":{"start":{"line":46,"column":4},"end":{"line":46,"column":41}},"21":{"start":{"line":47,"column":4},"end":{"line":47,"column":22}},"22":{"start":{"line":48,"column":4},"end":{"line":48,"column":37}},"23":{"start":{"line":49,"column":4},"end":{"line":49,"column":19}},"24":{"start":{"line":53,"column":4},"end":{"line":53,"column":84}},"25":{"start":{"line":53,"column":72},"end":{"line":53,"column":82}},"26":{"start":{"line":54,"column":4},"end":{"line":54,"column":37}},"27":{"start":{"line":55,"column":4},"end":{"line":55,"column":22}},"28":{"start":{"line":56,"column":4},"end":{"line":56,"column":19}},"29":{"start":{"line":61,"column":17},"end":{"line":61,"column":41}},"30":{"start":{"line":62,"column":26},"end":{"line":62,"column":47}},"31":{"start":{"line":63,"column":4},"end":{"line":63,"column":47}},"32":{"start":{"line":65,"column":4},"end":{"line":65,"column":36}},"33":{"start":{"line":66,"column":4},"end":{"line":66,"column":22}},"34":{"start":{"line":67,"column":4},"end":{"line":67,"column":19}},"35":{"start":{"line":71,"column":64},"end":{"line":71,"column":70}},"36":{"start":{"line":73,"column":4},"end":{"line":73,"column":77}},"37":{"start":{"line":73,"column":28},"end":{"line":73,"column":77}},"38":{"start":{"line":74,"column":4},"end":{"line":74,"column":75}},"39":{"start":{"line":74,"column":28},"end":{"line":74,"column":75}},"40":{"start":{"line":75,"column":4},"end":{"line":75,"column":75}},"41":{"start":{"line":75,"column":27},"end":{"line":75,"column":75}},"42":{"start":{"line":77,"column":4},"end":{"line":77,"column":22}},"43":{"start":{"line":81,"column":4},"end":{"line":81,"column":39}},"44":{"start":{"line":83,"column":4},"end":{"line":88,"column":5}},"45":{"start":{"line":83,"column":17},"end":{"line":83,"column":18}},"46":{"start":{"line":85,"column":6},"end":{"line":85,"column":40}},"47":{"start":{"line":86,"column":19},"end":{"line":86,"column":62}},"48":{"start":{"line":87,"column":6},"end":{"line":87,"column":39}},"49":{"start":{"line":93,"column":24},"end":{"line":93,"column":52}},"50":{"start":{"line":94,"column":21},"end":{"line":94,"column":52}},"51":{"start":{"line":95,"column":4},"end":{"line":95,"column":46}},"52":{"start":{"line":96,"column":20},"end":{"line":96,"column":47}},"53":{"start":{"line":97,"column":22},"end":{"line":97,"column":53}},"54":{"start":{"line":98,"column":4},"end":{"line":98,"column":43}},"55":{"start":{"line":99,"column":21},"end":{"line":99,"column":48}},"56":{"start":{"line":100,"column":23},"end":{"line":100,"column":50}},"57":{"start":{"line":101,"column":19},"end":{"line":101,"column":51}},"58":{"start":{"line":103,"column":4},"end":{"line":103,"column":36}},"59":{"start":{"line":104,"column":4},"end":{"line":104,"column":33}},"60":{"start":{"line":105,"column":4},"end":{"line":105,"column":31}},"61":{"start":{"line":106,"column":4},"end":{"line":106,"column":35}},"62":{"start":{"line":107,"column":4},"end":{"line":107,"column":33}},"63":{"start":{"line":108,"column":4},"end":{"line":108,"column":37}},"64":{"start":{"line":109,"column":4},"end":{"line":109,"column":30}},"65":{"start":{"line":111,"column":4},"end":{"line":111,"column":55}},"66":{"start":{"line":112,"column":4},"end":{"line":112,"column":48}},"67":{"start":{"line":113,"column":4},"end":{"line":113,"column":36}},"68":{"start":{"line":114,"column":4},"end":{"line":114,"column":43}},"69":{"start":{"line":115,"column":4},"end":{"line":115,"column":57}},"70":{"start":{"line":116,"column":4},"end":{"line":116,"column":51}},"71":{"start":{"line":117,"column":4},"end":{"line":117,"column":36}},"72":{"start":{"line":118,"column":4},"end":{"line":118,"column":38}},"73":{"start":{"line":119,"column":4},"end":{"line":119,"column":34}},"74":{"start":{"line":121,"column":4},"end":{"line":121,"column":33}},"75":{"start":{"line":122,"column":4},"end":{"line":122,"column":33}},"76":{"start":{"line":123,"column":4},"end":{"line":123,"column":34}},"77":{"start":{"line":124,"column":4},"end":{"line":124,"column":30}},"78":{"start":{"line":125,"column":4},"end":{"line":125,"column":34}},"79":{"start":{"line":127,"column":4},"end":{"line":127,"column":59}},"80":{"start":{"line":127,"column":19},"end":{"line":127,"column":59}},"81":{"start":{"line":128,"column":4},"end":{"line":128,"column":83}},"82":{"start":{"line":130,"column":4},"end":{"line":138,"column":7}},"83":{"start":{"line":131,"column":6},"end":{"line":131,"column":25}},"84":{"start":{"line":132,"column":6},"end":{"line":132,"column":60}},"85":{"start":{"line":133,"column":6},"end":{"line":137,"column":7}},"86":{"start":{"line":134,"column":8},"end":{"line":134,"column":48}},"87":{"start":{"line":136,"column":8},"end":{"line":136,"column":51}},"88":{"start":{"line":140,"column":4},"end":{"line":142,"column":7}},"89":{"start":{"line":141,"column":6},"end":{"line":141,"column":35}},"90":{"start":{"line":144,"column":4},"end":{"line":158,"column":7}},"91":{"start":{"line":145,"column":6},"end":{"line":157,"column":7}},"92":{"start":{"line":147,"column":22},"end":{"line":147,"column":44}},"93":{"start":{"line":148,"column":8},"end":{"line":148,"column":27}},"94":{"start":{"line":149,"column":8},"end":{"line":149,"column":47}},"95":{"start":{"line":150,"column":8},"end":{"line":150,"column":41}},"96":{"start":{"line":151,"column":8},"end":{"line":151,"column":42}},"97":{"start":{"line":152,"column":8},"end":{"line":152,"column":38}},"98":{"start":{"line":153,"column":8},"end":{"line":153,"column":47}},"99":{"start":{"line":154,"column":8},"end":{"line":154,"column":25}},"100":{"start":{"line":155,"column":8},"end":{"line":155,"column":34}},"101":{"start":{"line":156,"column":8},"end":{"line":156,"column":53}},"102":{"start":{"line":160,"column":4},"end":{"line":166,"column":7}},"103":{"start":{"line":161,"column":6},"end":{"line":161,"column":45}},"104":{"start":{"line":162,"column":6},"end":{"line":165,"column":15}},"105":{"start":{"line":163,"column":8},"end":{"line":163,"column":29}},"106":{"start":{"line":164,"column":8},"end":{"line":164,"column":32}},"107":{"start":{"line":168,"column":4},"end":{"line":168,"column":21}},"108":{"start":{"line":169,"column":4},"end":{"line":169,"column":32}},"109":{"start":{"line":172,"column":4},"end":{"line":189,"column":7}},"110":{"start":{"line":173,"column":6},"end":{"line":173,"column":36}},"111":{"start":{"line":174,"column":6},"end":{"line":174,"column":48}},"112":{"start":{"line":176,"column":6},"end":{"line":188,"column":15}},"113":{"start":{"line":177,"column":8},"end":{"line":177,"column":47}},"114":{"start":{"line":178,"column":8},"end":{"line":178,"column":23}},"115":{"start":{"line":179,"column":8},"end":{"line":187,"column":9}},"116":{"start":{"line":180,"column":10},"end":{"line":180,"column":33}},"117":{"start":{"line":181,"column":10},"end":{"line":181,"column":42}},"118":{"start":{"line":182,"column":10},"end":{"line":182,"column":45}},"119":{"start":{"line":183,"column":10},"end":{"line":183,"column":41}},"120":{"start":{"line":184,"column":10},"end":{"line":184,"column":46}},"121":{"start":{"line":185,"column":10},"end":{"line":185,"column":41}},"122":{"start":{"line":186,"column":10},"end":{"line":186,"column":37}},"123":{"start":{"line":191,"column":4},"end":{"line":195,"column":7}},"124":{"start":{"line":192,"column":6},"end":{"line":192,"column":23}},"125":{"start":{"line":193,"column":6},"end":{"line":193,"column":37}},"126":{"start":{"line":194,"column":6},"end":{"line":194,"column":51}},"127":{"start":{"line":197,"column":4},"end":{"line":204,"column":7}},"128":{"start":{"line":198,"column":6},"end":{"line":198,"column":39}},"129":{"start":{"line":199,"column":6},"end":{"line":199,"column":40}},"130":{"start":{"line":200,"column":6},"end":{"line":200,"column":36}},"131":{"start":{"line":201,"column":6},"end":{"line":201,"column":45}},"132":{"start":{"line":202,"column":6},"end":{"line":202,"column":32}},"133":{"start":{"line":203,"column":6},"end":{"line":203,"column":37}},"134":{"start":{"line":206,"column":4},"end":{"line":206,"column":23}}},"fnMap":{"0":{"name":"(anonymous_0)","decl":{"start":{"line":6,"column":16},"end":{"line":6,"column":17}},"loc":{"start":{"line":6,"column":53},"end":{"line":6,"column":87}},"line":6},"1":{"name":"(anonymous_1)","decl":{"start":{"line":10,"column":2},"end":{"line":10,"column":3}},"loc":{"start":{"line":10,"column":45},"end":{"line":22,"column":3}},"line":10},"2":{"name":"(anonymous_2)","decl":{"start":{"line":24,"column":2},"end":{"line":24,"column":3}},"loc":{"start":{"line":24,"column":13},"end":{"line":26,"column":3}},"line":24},"3":{"name":"(anonymous_3)","decl":{"start":{"line":28,"column":2},"end":{"line":28,"column":3}},"loc":{"start":{"line":28,"column":23},"end":{"line":34,"column":3}},"line":28},"4":{"name":"(anonymous_4)","decl":{"start":{"line":45,"column":2},"end":{"line":45,"column":3}},"loc":{"start":{"line":45,"column":25},"end":{"line":50,"column":3}},"line":45},"5":{"name":"(anonymous_5)","decl":{"start":{"line":52,"column":2},"end":{"line":52,"column":3}},"loc":{"start":{"line":52,"column":22},"end":{"line":57,"column":3}},"line":52},"6":{"name":"(anonymous_6)","decl":{"start":{"line":53,"column":53},"end":{"line":53,"column":54}},"loc":{"start":{"line":53,"column":72},"end":{"line":53,"column":82}},"line":53},"7":{"name":"(anonymous_7)","decl":{"start":{"line":59,"column":2},"end":{"line":59,"column":3}},"loc":{"start":{"line":59,"column":34},"end":{"line":68,"column":3}},"line":59},"8":{"name":"(anonymous_8)","decl":{"start":{"line":80,"column":2},"end":{"line":80,"column":3}},"loc":{"start":{"line":80,"column":12},"end":{"line":89,"column":3}},"line":80},"9":{"name":"(anonymous_9)","decl":{"start":{"line":130,"column":39},"end":{"line":130,"column":40}},"loc":{"start":{"line":130,"column":50},"end":{"line":138,"column":5}},"line":130},"10":{"name":"(anonymous_10)","decl":{"start":{"line":140,"column":41},"end":{"line":140,"column":42}},"loc":{"start":{"line":140,"column":47},"end":{"line":142,"column":5}},"line":140},"11":{"name":"(anonymous_11)","decl":{"start":{"line":144,"column":43},"end":{"line":144,"column":44}},"loc":{"start":{"line":144,"column":54},"end":{"line":158,"column":5}},"line":144},"12":{"name":"(anonymous_12)","decl":{"start":{"line":160,"column":41},"end":{"line":160,"column":42}},"loc":{"start":{"line":160,"column":47},"end":{"line":166,"column":5}},"line":160},"13":{"name":"(anonymous_13)","decl":{"start":{"line":162,"column":17},"end":{"line":162,"column":18}},"loc":{"start":{"line":162,"column":23},"end":{"line":165,"column":7}},"line":162},"14":{"name":"(anonymous_14)","decl":{"start":{"line":172,"column":43},"end":{"line":172,"column":44}},"loc":{"start":{"line":172,"column":49},"end":{"line":189,"column":5}},"line":172},"15":{"name":"(anonymous_15)","decl":{"start":{"line":176,"column":36},"end":{"line":176,"column":37}},"loc":{"start":{"line":176,"column":42},"end":{"line":188,"column":7}},"line":176},"16":{"name":"(anonymous_16)","decl":{"start":{"line":191,"column":41},"end":{"line":191,"column":42}},"loc":{"start":{"line":191,"column":47},"end":{"line":195,"column":5}},"line":191},"17":{"name":"(anonymous_17)","decl":{"start":{"line":197,"column":37},"end":{"line":197,"column":38}},"loc":{"start":{"line":197,"column":43},"end":{"line":204,"column":5}},"line":197}},"branchMap":{"0":{"loc":{"start":{"line":10,"column":29},"end":{"line":10,"column":43}},"type":"default-arg","locations":[{"start":{"line":10,"column":39},"end":{"line":10,"column":43}}],"line":10},"1":{"loc":{"start":{"line":15,"column":4},"end":{"line":17,"column":5}},"type":"if","locations":[{"start":{"line":15,"column":4},"end":{"line":17,"column":5}},{"start":{},"end":{}}],"line":15},"2":{"loc":{"start":{"line":19,"column":4},"end":{"line":21,"column":5}},"type":"if","locations":[{"start":{"line":19,"column":4},"end":{"line":21,"column":5}},{"start":{},"end":{}}],"line":19},"3":{"loc":{"start":{"line":37,"column":4},"end":{"line":37,"column":74}},"type":"if","locations":[{"start":{"line":37,"column":4},"end":{"line":37,"column":74}},{"start":{},"end":{}}],"line":37},"4":{"loc":{"start":{"line":73,"column":4},"end":{"line":73,"column":77}},"type":"if","locations":[{"start":{"line":73,"column":4},"end":{"line":73,"column":77}},{"start":{},"end":{}}],"line":73},"5":{"loc":{"start":{"line":74,"column":4},"end":{"line":74,"column":75}},"type":"if","locations":[{"start":{"line":74,"column":4},"end":{"line":74,"column":75}},{"start":{},"end":{}}],"line":74},"6":{"loc":{"start":{"line":75,"column":4},"end":{"line":75,"column":75}},"type":"if","locations":[{"start":{"line":75,"column":4},"end":{"line":75,"column":75}},{"start":{},"end":{}}],"line":75},"7":{"loc":{"start":{"line":127,"column":4},"end":{"line":127,"column":59}},"type":"if","locations":[{"start":{"line":127,"column":4},"end":{"line":127,"column":59}},{"start":{},"end":{}}],"line":127},"8":{"loc":{"start":{"line":133,"column":6},"end":{"line":137,"column":7}},"type":"if","locations":[{"start":{"line":133,"column":6},"end":{"line":137,"column":7}},{"start":{"line":135,"column":13},"end":{"line":137,"column":7}}],"line":133},"9":{"loc":{"start":{"line":145,"column":6},"end":{"line":157,"column":7}},"type":"if","locations":[{"start":{"line":145,"column":6},"end":{"line":157,"column":7}},{"start":{},"end":{}}],"line":145},"10":{"loc":{"start":{"line":179,"column":8},"end":{"line":187,"column":9}},"type":"if","locations":[{"start":{"line":179,"column":8},"end":{"line":187,"column":9}},{"start":{},"end":{}}],"line":179}},"s":{"0":2,"1":2,"2":6,"3":2,"4":2,"5":2,"6":2,"7":0,"8":2,"9":0,"10":6,"11":6,"12":6,"13":6,"14":6,"15":6,"16":7,"17":0,"18":6,"19":6,"20":1,"21":1,"22":1,"23":1,"24":0,"25":0,"26":0,"27":0,"28":0,"29":0,"30":0,"31":0,"32":0,"33":0,"34":0,"35":0,"36":0,"37":0,"38":0,"39":0,"40":0,"41":0,"42":0,"43":1,"44":1,"45":1,"46":4,"47":4,"48":4,"49":10,"50":10,"51":10,"52":10,"53":10,"54":10,"55":10,"56":10,"57":10,"58":10,"59":10,"60":10,"61":10,"62":10,"63":10,"64":10,"65":10,"66":10,"67":10,"68":10,"69":10,"70":10,"71":10,"72":10,"73":10,"74":10,"75":10,"76":10,"77":10,"78":10,"79":10,"80":0,"81":10,"82":10,"83":0,"84":0,"85":0,"86":0,"87":0,"88":10,"89":0,"90":10,"91":0,"92":0,"93":0,"94":0,"95":0,"96":0,"97":0,"98":0,"99":0,"100":0,"101":0,"102":10,"103":0,"104":0,"105":0,"106":0,"107":10,"108":10,"109":10,"110":0,"111":0,"112":0,"113":0,"114":0,"115":0,"116":0,"117":0,"118":0,"119":0,"120":0,"121":0,"122":0,"123":10,"124":0,"125":0,"126":0,"127":10,"128":0,"129":0,"130":0,"131":0,"132":0,"133":0,"134":10},"f":{"0":6,"1":2,"2":6,"3":6,"4":1,"5":0,"6":0,"7":0,"8":1,"9":0,"10":0,"11":0,"12":0,"13":0,"14":0,"15":0,"16":0,"17":0},"b":{"0":[2],"1":[0,2],"2":[0,2],"3":[0,7],"4":[0,0],"5":[0,0],"6":[0,0],"7":[0,10],"8":[0,0],"9":[0,0],"10":[0,0]},"_coverageSchema":"1a1c01bbd47fc00a2c39e90264f33305004495a9","hash":"8ec86ebaad7452e5195b8352a3726b91b26f726a"}
}
