TN:
SF:src\modules\activities.js
FN:6,(anonymous_0)
FN:10,(anonymous_1)
FN:24,(anonymous_2)
FN:28,(anonymous_3)
FN:45,(anonymous_4)
FN:52,(anonymous_5)
FN:53,(anonymous_6)
FN:59,(anonymous_7)
FN:80,(anonymous_8)
FN:130,(anonymous_9)
FN:140,(anonymous_10)
FN:144,(anonymous_11)
FN:160,(anonymous_12)
FN:162,(anonymous_13)
FN:172,(anonymous_14)
FN:176,(anonymous_15)
FN:191,(anonymous_16)
FN:197,(anonymous_17)
FNF:18
FNH:6
FNDA:6,(anonymous_0)
FNDA:2,(anonymous_1)
FNDA:6,(anonymous_2)
FNDA:6,(anonymous_3)
FNDA:1,(anonymous_4)
FNDA:0,(anonymous_5)
FNDA:0,(anonymous_6)
FNDA:0,(anonymous_7)
FNDA:1,(anonymous_8)
FNDA:0,(anonymous_9)
FNDA:0,(anonymous_10)
FNDA:0,(anonymous_11)
FNDA:0,(anonymous_12)
FNDA:0,(anonymous_13)
FNDA:0,(anonymous_14)
FNDA:0,(anonymous_15)
FNDA:0,(anonymous_16)
FNDA:0,(anonymous_17)
DA:5,2
DA:6,6
DA:11,2
DA:12,2
DA:13,2
DA:15,2
DA:16,0
DA:19,2
DA:20,0
DA:25,6
DA:29,6
DA:30,6
DA:31,6
DA:32,6
DA:33,6
DA:37,7
DA:41,6
DA:42,6
DA:46,1
DA:47,1
DA:48,1
DA:49,1
DA:53,0
DA:54,0
DA:55,0
DA:56,0
DA:61,0
DA:62,0
DA:63,0
DA:65,0
DA:66,0
DA:67,0
DA:71,0
DA:73,0
DA:74,0
DA:75,0
DA:77,0
DA:81,1
DA:83,1
DA:85,4
DA:86,4
DA:87,4
DA:93,10
DA:94,10
DA:95,10
DA:96,10
DA:97,10
DA:98,10
DA:99,10
DA:100,10
DA:101,10
DA:103,10
DA:104,10
DA:105,10
DA:106,10
DA:107,10
DA:108,10
DA:109,10
DA:111,10
DA:112,10
DA:113,10
DA:114,10
DA:115,10
DA:116,10
DA:117,10
DA:118,10
DA:119,10
DA:121,10
DA:122,10
DA:123,10
DA:124,10
DA:125,10
DA:127,10
DA:128,10
DA:130,10
DA:131,0
DA:132,0
DA:133,0
DA:134,0
DA:136,0
DA:140,10
DA:141,0
DA:144,10
DA:145,0
DA:147,0
DA:148,0
DA:149,0
DA:150,0
DA:151,0
DA:152,0
DA:153,0
DA:154,0
DA:155,0
DA:156,0
DA:160,10
DA:161,0
DA:162,0
DA:163,0
DA:164,0
DA:168,10
DA:169,10
DA:172,10
DA:173,0
DA:174,0
DA:176,0
DA:177,0
DA:178,0
DA:179,0
DA:180,0
DA:181,0
DA:182,0
DA:183,0
DA:184,0
DA:185,0
DA:186,0
DA:191,10
DA:192,0
DA:193,0
DA:194,0
DA:197,10
DA:198,0
DA:199,0
DA:200,0
DA:201,0
DA:202,0
DA:203,0
DA:206,10
LF:127
LH:67
BRDA:10,0,0,2
BRDA:15,1,0,0
BRDA:15,1,1,2
BRDA:19,2,0,0
BRDA:19,2,1,2
BRDA:37,3,0,0
BRDA:37,3,1,7
BRDA:73,4,0,0
BRDA:73,4,1,0
BRDA:74,5,0,0
BRDA:74,5,1,0
BRDA:75,6,0,0
BRDA:75,6,1,0
BRDA:127,7,0,0
BRDA:127,7,1,10
BRDA:133,8,0,0
BRDA:133,8,1,0
BRDA:145,9,0,0
BRDA:145,9,1,0
BRDA:179,10,0,0
BRDA:179,10,1,0
BRF:21
BRH:5
end_of_record
